[{"line":2,"elements":[{"start_timestamp":"2023-01-17T23:07:21.410Z","before":[{"result":{"duration":6641000000,"status":"passed"},"match":{"location":"org.example.stepDef.Hooks.OpenBrowser()"}}],"line":4,"name":"user could register with valid data successfully","description":"","id":"users-could-register-with-new-accounts;user-could-register-with-valid-data-successfully","after":[{"result":{"duration":3773000000,"status":"passed"},"match":{"location":"org.example.stepDef.Hooks.quitDriver()"}}],"type":"scenario","keyword":"Scenario","steps":[{"result":{"duration":1152000000,"status":"passed"},"line":5,"name":"click on register link","match":{"location":"org.example.stepDef.registerStepDef.click_register()"},"keyword":"Given "},{"result":{"duration":71000000,"status":"passed"},"line":6,"name":"user select gender type","match":{"location":"org.example.stepDef.registerStepDef.select_gender_type()"},"keyword":"When "},{"result":{"duration":188000000,"status":"passed"},"line":7,"name":"user type \"automation\" and \"tester\"","match":{"arguments":[{"val":"\"automation\"","offset":10},{"val":"\"tester\"","offset":27}],"location":"org.example.stepDef.registerStepDef.first_last_name(java.lang.String,java.lang.String)"},"keyword":"And "},{"result":{"duration":117000000,"status":"passed"},"line":8,"name":"user enter email \"test@example.com\"","match":{"arguments":[{"val":"\"test@example.com\"","offset":17}],"location":"org.example.stepDef.registerStepDef.user_enter_email(java.lang.String)"},"keyword":"And "},{"result":{"duration":198000000,"status":"passed"},"line":9,"name":"user enter password fields \"P@sswOrd\" and confirm password \"P@sswOrd\"","match":{"arguments":[{"val":"\"P@sswOrd\"","offset":27},{"val":"\"P@sswOrd\"","offset":59}],"location":"org.example.stepDef.registerStepDef.user_renter_password_and_confirm(java.lang.String,java.lang.String)"},"keyword":"And "},{"result":{"duration":412000000,"status":"passed"},"line":10,"name":"user click on register button","match":{"location":"org.example.stepDef.registerStepDef.user_click_on_register()"},"keyword":"And "},{"result":{"error_message":"org.openqa.selenium.NoSuchElementException: no such element: Unable to locate element: {\"method\":\"css selector\",\"selector\":\".result\"}\n  (Session info: chrome=103.0.5060.114)\nFor documentation on this error, please visit: https://selenium.dev/exceptions/#no_such_element\nBuild info: version: '4.7.2', revision: '4d4020c3b7'\nSystem info: os.name: 'Windows 10', os.arch: 'amd64', os.version: '10.0', java.version: '1.8.0_202'\nDriver info: org.openqa.selenium.chrome.ChromeDriver\nCommand: [31243add5b09f31af9d7ad46d4a5fbed, findElement {using=class name, value=result}]\nCapabilities {acceptInsecureCerts: false, browserName: chrome, browserVersion: 103.0.5060.114, chrome: {chromedriverVersion: 103.0.5060.134 (8ec6fce403b..., userDataDir: C:\\Users\\MAHMOU~1\\AppData\\L...}, goog:chromeOptions: {debuggerAddress: localhost:52359}, networkConnectionEnabled: false, pageLoadStrategy: normal, platformName: WINDOWS, proxy: Proxy(), se:cdp: ws://localhost:52359/devtoo..., se:cdpVersion: 103.0.5060.114, setWindowRect: true, strictFileInteractability: false, timeouts: {implicit: 0, pageLoad: 300000, script: 30000}, unhandledPromptBehavior: dismiss and notify, webauthn:extension:credBlob: true, webauthn:extension:largeBlob: true, webauthn:virtualAuthenticators: true}\nSession ID: 31243add5b09f31af9d7ad46d4a5fbed\r\n\tat sun.reflect.NativeConstructorAccessorImpl.newInstance0(Native Method)\r\n\tat sun.reflect.NativeConstructorAccessorImpl.newInstance(NativeConstructorAccessorImpl.java:62)\r\n\tat sun.reflect.DelegatingConstructorAccessorImpl.newInstance(DelegatingConstructorAccessorImpl.java:45)\r\n\tat java.lang.reflect.Constructor.newInstance(Constructor.java:423)\r\n\tat org.openqa.selenium.remote.codec.w3c.W3CHttpResponseCodec.createException(W3CHttpResponseCodec.java:200)\r\n\tat org.openqa.selenium.remote.codec.w3c.W3CHttpResponseCodec.decode(W3CHttpResponseCodec.java:133)\r\n\tat org.openqa.selenium.remote.codec.w3c.W3CHttpResponseCodec.decode(W3CHttpResponseCodec.java:53)\r\n\tat org.openqa.selenium.remote.HttpCommandExecutor.execute(HttpCommandExecutor.java:184)\r\n\tat org.openqa.selenium.remote.service.DriverCommandExecutor.invokeExecute(DriverCommandExecutor.java:167)\r\n\tat org.openqa.selenium.remote.service.DriverCommandExecutor.execute(DriverCommandExecutor.java:142)\r\n\tat org.openqa.selenium.remote.RemoteWebDriver.execute(RemoteWebDriver.java:535)\r\n\tat org.openqa.selenium.remote.ElementLocation$ElementFinder$2.findElement(ElementLocation.java:162)\r\n\tat org.openqa.selenium.remote.ElementLocation.findElement(ElementLocation.java:60)\r\n\tat org.openqa.selenium.remote.RemoteWebDriver.findElement(RemoteWebDriver.java:351)\r\n\tat org.openqa.selenium.remote.RemoteWebDriver.findElement(RemoteWebDriver.java:343)\r\n\tat org.openqa.selenium.support.pagefactory.DefaultElementLocator.findElement(DefaultElementLocator.java:70)\r\n\tat org.openqa.selenium.support.pagefactory.internal.LocatingElementHandler.invoke(LocatingElementHandler.java:39)\r\n\tat com.sun.proxy.$Proxy25.getText(Unknown Source)\r\n\tat org.example.stepDef.registerStepDef.registerSuccess(registerStepDef.java:50)\r\n\tat ✽.register success(file:///D:/Testing/MAVEN/src/main/resources/features/Registeration.feature:11)\r\n","duration":10044000000,"status":"failed"},"line":11,"name":"register success","match":{"location":"org.example.stepDef.registerStepDef.registerSuccess()"},"keyword":"Then "}],"tags":[{"name":"@smoke"}]}],"name":"users could register with new accounts","description":"","id":"users-could-register-with-new-accounts","keyword":"Feature","uri":"file:src/main/resources/features/Registeration.feature","tags":[{"name":"@smoke","type":"Tag","location":{"line":1,"column":1}}]},{"line":2,"elements":[{"start_timestamp":"2023-01-17T23:07:44.087Z","before":[{"result":{"duration":6200000000,"status":"passed"},"match":{"location":"org.example.stepDef.Hooks.OpenBrowser()"}}],"line":4,"name":"users choose currency","description":"","id":"users-choose-currency;users-choose-currency","after":[{"result":{"duration":3747000000,"status":"passed"},"match":{"location":"org.example.stepDef.Hooks.quitDriver()"}}],"type":"scenario","keyword":"Scenario","steps":[{"result":{"duration":855000000,"status":"passed"},"line":5,"name":"user go to home page","match":{"location":"org.example.stepDef.currenciesStepDef.go_to_home_page()"},"keyword":"Given "},{"result":{"duration":822000000,"status":"passed"},"line":6,"name":"select euro from currency dropdown","match":{"location":"org.example.stepDef.currenciesStepDef.select_euro_from_currency_dropdown()"},"keyword":"And "},{"result":{"duration":97000000,"status":"passed"},"line":7,"name":"verify Euro Symbol is shown","match":{"location":"org.example.stepDef.currenciesStepDef.verify_Euro_Symbol_shown()"},"keyword":"Then "}],"tags":[{"name":"@smoke"}]}],"name":"users choose currency","description":"","id":"users-choose-currency","keyword":"Feature","uri":"file:src/main/resources/features/currencies.feature","tags":[{"name":"@smoke","type":"Tag","location":{"line":1,"column":1}}]},{"line":2,"elements":[{"line":4,"name":"user open browser and go to login page","description":"","type":"background","keyword":"Background","steps":[{"result":{"duration":1069000000,"status":"passed"},"line":5,"name":"user navigate to login page","match":{"location":"org.example.stepDef.loginStepDef.navigate_to_login_page()"},"keyword":"Given "}]},{"start_timestamp":"2023-01-17T23:07:55.820Z","before":[{"result":{"duration":4691000000,"status":"passed"},"match":{"location":"org.example.stepDef.Hooks.OpenBrowser()"}}],"line":9,"name":"user login with valid data (email & password)","description":"","id":"user-could-login-the-website/app;user-login-with-valid-data-(email-&-password)","after":[{"result":{"duration":3761000000,"status":"passed"},"match":{"location":"org.example.stepDef.Hooks.quitDriver()"}}],"type":"scenario","keyword":"Scenario","steps":[{"result":{"duration":225000000,"status":"passed"},"line":10,"name":"user enter \"test@example.com\" and \"P@ssw0rd\"","match":{"arguments":[{"val":"test@example.com","offset":12},{"val":"P@ssw0rd","offset":35}],"location":"org.example.stepDef.loginStepDef.enter_valid_data(java.lang.String,java.lang.String)"},"keyword":"When "},{"result":{"duration":385000000,"status":"passed"},"line":11,"name":"user click on login button","match":{"location":"org.example.stepDef.loginStepDef.click_on_button()"},"keyword":"And "},{"result":{"error_message":"org.openqa.selenium.NoSuchElementException: no such element: Unable to locate element: {\"method\":\"css selector\",\"selector\":\"*[name='master-wrapper-page']\"}\n  (Session info: chrome=103.0.5060.114)\nFor documentation on this error, please visit: https://selenium.dev/exceptions/#no_such_element\nBuild info: version: '4.7.2', revision: '4d4020c3b7'\nSystem info: os.name: 'Windows 10', os.arch: 'amd64', os.version: '10.0', java.version: '1.8.0_202'\nDriver info: org.openqa.selenium.chrome.ChromeDriver\nCommand: [8955c4d9f729325a2128a014491f5639, findElement {using=name, value=master-wrapper-page}]\nCapabilities {acceptInsecureCerts: false, browserName: chrome, browserVersion: 103.0.5060.114, chrome: {chromedriverVersion: 103.0.5060.134 (8ec6fce403b..., userDataDir: C:\\Users\\MAHMOU~1\\AppData\\L...}, goog:chromeOptions: {debuggerAddress: localhost:52391}, networkConnectionEnabled: false, pageLoadStrategy: normal, platformName: WINDOWS, proxy: Proxy(), se:cdp: ws://localhost:52391/devtoo..., se:cdpVersion: 103.0.5060.114, setWindowRect: true, strictFileInteractability: false, timeouts: {implicit: 0, pageLoad: 300000, script: 30000}, unhandledPromptBehavior: dismiss and notify, webauthn:extension:credBlob: true, webauthn:extension:largeBlob: true, webauthn:virtualAuthenticators: true}\nSession ID: 8955c4d9f729325a2128a014491f5639\r\n\tat sun.reflect.NativeConstructorAccessorImpl.newInstance0(Native Method)\r\n\tat sun.reflect.NativeConstructorAccessorImpl.newInstance(NativeConstructorAccessorImpl.java:62)\r\n\tat sun.reflect.DelegatingConstructorAccessorImpl.newInstance(DelegatingConstructorAccessorImpl.java:45)\r\n\tat java.lang.reflect.Constructor.newInstance(Constructor.java:423)\r\n\tat org.openqa.selenium.remote.codec.w3c.W3CHttpResponseCodec.createException(W3CHttpResponseCodec.java:200)\r\n\tat org.openqa.selenium.remote.codec.w3c.W3CHttpResponseCodec.decode(W3CHttpResponseCodec.java:133)\r\n\tat org.openqa.selenium.remote.codec.w3c.W3CHttpResponseCodec.decode(W3CHttpResponseCodec.java:53)\r\n\tat org.openqa.selenium.remote.HttpCommandExecutor.execute(HttpCommandExecutor.java:184)\r\n\tat org.openqa.selenium.remote.service.DriverCommandExecutor.invokeExecute(DriverCommandExecutor.java:167)\r\n\tat org.openqa.selenium.remote.service.DriverCommandExecutor.execute(DriverCommandExecutor.java:142)\r\n\tat org.openqa.selenium.remote.RemoteWebDriver.execute(RemoteWebDriver.java:535)\r\n\tat org.openqa.selenium.remote.ElementLocation$ElementFinder$2.findElement(ElementLocation.java:162)\r\n\tat org.openqa.selenium.remote.ElementLocation.findElement(ElementLocation.java:66)\r\n\tat org.openqa.selenium.remote.RemoteWebDriver.findElement(RemoteWebDriver.java:351)\r\n\tat org.openqa.selenium.remote.RemoteWebDriver.findElement(RemoteWebDriver.java:343)\r\n\tat org.example.stepDef.loginStepDef.login_successfully(loginStepDef.java:38)\r\n\tat ✽.user could login successfully and go to home page(file:///D:/Testing/MAVEN/src/main/resources/features/login.feature:12)\r\n","duration":10032000000,"status":"failed"},"line":12,"name":"user could login successfully and go to home page","match":{"location":"org.example.stepDef.loginStepDef.login_successfully()"},"keyword":"Then "}],"tags":[{"name":"@smoke"}]},{"line":4,"name":"user open browser and go to login page","description":"","type":"background","keyword":"Background","steps":[{"result":{"duration":1044000000,"status":"passed"},"line":5,"name":"user navigate to login page","match":{"location":"org.example.stepDef.loginStepDef.navigate_to_login_page()"},"keyword":"Given "}]},{"start_timestamp":"2023-01-17T23:08:15.998Z","before":[{"result":{"duration":5448000000,"status":"passed"},"match":{"location":"org.example.stepDef.Hooks.OpenBrowser()"}}],"line":15,"name":"user login with invalid data (email & password)","description":"","id":"user-could-login-the-website/app;user-login-with-invalid-data-(email-&-password)","after":[{"result":{"duration":3739000000,"status":"passed"},"match":{"location":"org.example.stepDef.Hooks.quitDriver()"}}],"type":"scenario","keyword":"Scenario","steps":[{"result":{"duration":221000000,"status":"passed"},"line":16,"name":"user enter \"wrong@example.com\" and \"P@ssw0rd\"","match":{"arguments":[{"val":"wrong@example.com","offset":12},{"val":"P@ssw0rd","offset":36}],"location":"org.example.stepDef.loginStepDef.enter_valid_data(java.lang.String,java.lang.String)"},"keyword":"When "},{"result":{"duration":369000000,"status":"passed"},"line":17,"name":"user click on login button","match":{"location":"org.example.stepDef.loginStepDef.click_on_button()"},"keyword":"And "},{"result":{"duration":45000000,"status":"passed"},"line":18,"name":"user could not login successfully","match":{"location":"org.example.stepDef.loginStepDef.wrong_successfully()"},"keyword":"Then "}],"tags":[{"name":"@smoke"}]}],"name":"user could login the website/app","description":"","id":"user-could-login-the-website/app","keyword":"Feature","uri":"file:src/main/resources/features/login.feature","tags":[{"name":"@smoke","type":"Tag","location":{"line":1,"column":1}}]}]